#
# There is insufficient memory for the Java Runtime Environment to continue.
# Native memory allocation (malloc) failed to allocate 1174736 bytes for Chunk::new
# Possible reasons:
#   The system is out of physical RAM or swap space
#   The process is running with CompressedOops enabled, and the Java Heap may be blocking the growth of the native heap
# Possible solutions:
#   Reduce memory load on the system
#   Increase physical memory or swap space
#   Check if swap backing store is full
#   Decrease Java heap size (-Xmx/-Xms)
#   Decrease number of Java threads
#   Decrease Java thread stack sizes (-Xss)
#   Set larger code cache with -XX:ReservedCodeCacheSize=
#   JVM is running with Unscaled Compressed Oops mode in which the Java heap is
#     placed in the first 4GB address space. The Java Heap base address is the
#     maximum limit for the native heap growth. Please use -XX:HeapBaseMinAddress
#     to set the Java Heap base and to place the Java Heap above 4GB virtual address.
# This output file may be truncated or incomplete.
#
#  Out of Memory Error (./src/hotspot/share/memory/arena.cpp:197), pid=3208, tid=8012
#
# JRE version: OpenJDK Runtime Environment (11.0.12+7) (build 11.0.12+7-b1504.28-7817840)
# Java VM: OpenJDK 64-Bit Server VM (11.0.12+7-b1504.28-7817840, mixed mode, tiered, compressed oops, g1 gc, windows-amd64)
# No core dump will be written. Minidumps are not enabled by default on client versions of Windows
#

---------------  S U M M A R Y ------------

Command Line: org.jetbrains.kotlin.cli.jvm.K2JVMCompiler @C:\Users\Admin\AndroidStudioProjects\Test2\app\build\20221007_8867230804902971622.compiler.options

Host: Intel(R) Core(TM) i5-2310 CPU @ 2.90GHz, 4 cores, 5G,  Windows 7 , 64 bit Build 7601 (6.1.7601.24214)
Time: Fri Oct  7 19:08:06 2022 Noaai (ceia) elapsed time: 33.514600 seconds (0d 0h 0m 33s)

---------------  T H R E A D  ---------------

Current thread (0x000000005c0df000):  JavaThread "C2 CompilerThread0" daemon [_thread_in_native, id=8012, stack(0x000000005cb90000,0x000000005cc90000)]


Current CompileTask:
C2:  33514 2081   !   4       jdk.internal.loader.BuiltinClassLoader::loadClassOrNull (143 bytes)

Stack: [0x000000005cb90000,0x000000005cc90000]
Native frames: (J=compiled Java code, j=interpreted, Vv=VM code, C=native code)
V  [jvm.dll+0x5fbcea]
V  [jvm.dll+0x731905]
V  [jvm.dll+0x732f1d]
V  [jvm.dll+0x7335d3]
V  [jvm.dll+0x247bf8]
V  [jvm.dll+0xc018c]
V  [jvm.dll+0xc06cc]
V  [jvm.dll+0x2bcc04]
V  [jvm.dll+0x5113a8]
V  [jvm.dll+0x208303]
V  [jvm.dll+0x201fe0]
V  [jvm.dll+0x1ff71f]
V  [jvm.dll+0x18868c]
V  [jvm.dll+0x20e0d7]
V  [jvm.dll+0x20c901]
V  [jvm.dll+0x6f9b7f]
V  [jvm.dll+0x6f26a5]
V  [jvm.dll+0x5fabf6]
C  [ucrtbase.DLL+0x1cd70]
C  [kernel32.dll+0x159cd]
C  [ntdll.dll+0x5383d]


---------------  P R O C E S S  ---------------

Threads class SMR info:
_java_thread_list=0x000000005d13dd20, length=10, elements={
0x0000000000349800, 0x000000005c097000, 0x000000005c0c1000, 0x000000005c0d8000,
0x000000005c0d9000, 0x000000005c0da000, 0x000000005c0df000, 0x000000005c0e1000,
0x000000005c0eb000, 0x000000005d143800
}

Java Threads: ( => current thread )
  0x0000000000349800 JavaThread "main" [_thread_in_native, id=292, stack(0x0000000002140000,0x0000000002240000)]
  0x000000005c097000 JavaThread "Reference Handler" daemon [_thread_blocked, id=4144, stack(0x000000005c550000,0x000000005c650000)]
  0x000000005c0c1000 JavaThread "Finalizer" daemon [_thread_blocked, id=8124, stack(0x000000005c680000,0x000000005c780000)]
  0x000000005c0d8000 JavaThread "Signal Dispatcher" daemon [_thread_blocked, id=8068, stack(0x000000005c7d0000,0x000000005c8d0000)]
  0x000000005c0d9000 JavaThread "Attach Listener" daemon [_thread_blocked, id=5496, stack(0x000000005c970000,0x000000005ca70000)]
  0x000000005c0da000 JavaThread "Service Thread" daemon [_thread_blocked, id=4116, stack(0x000000005c420000,0x000000005c520000)]
=>0x000000005c0df000 JavaThread "C2 CompilerThread0" daemon [_thread_in_native, id=8012, stack(0x000000005cb90000,0x000000005cc90000)]
  0x000000005c0e1000 JavaThread "C1 CompilerThread0" daemon [_thread_blocked, id=7996, stack(0x000000005cce0000,0x000000005cde0000)]
  0x000000005c0eb000 JavaThread "Sweeper thread" daemon [_thread_blocked, id=6876, stack(0x000000005cf90000,0x000000005d090000)]
  0x000000005d143800 JavaThread "Common-Cleaner" daemon [_thread_blocked, id=7328, stack(0x000000005d640000,0x000000005d740000)]

Other Threads:
  0x000000005c052000 VMThread "VM Thread" [stack: 0x000000005c290000,0x000000005c390000] [id=5652]
  0x000000005d13c000 WatcherThread [stack: 0x000000005ce10000,0x000000005cf10000] [id=680]
  0x0000000000363000 GCTaskThread "GC Thread#0" [stack: 0x00000000153a0000,0x00000000154a0000] [id=6644]
  0x000000005d7ea800 GCTaskThread "GC Thread#1" [stack: 0x000000005d4b0000,0x000000005d5b0000] [id=4324]
  0x0000000000386000 ConcurrentGCThread "G1 Main Marker" [stack: 0x0000000018e00000,0x0000000018f00000] [id=6512]
  0x0000000000387800 ConcurrentGCThread "G1 Conc#0" [stack: 0x0000000018fc0000,0x00000000190c0000] [id=6956]
  0x000000001b412800 ConcurrentGCThread "G1 Refine#0" [stack: 0x000000001b690000,0x000000001b790000] [id=7508]
  0x000000001b413000 ConcurrentGCThread "G1 Young RemSet Sampling" [stack: 0x000000001b580000,0x000000001b680000] [id=8168]

Threads with active compile tasks:
C2 CompilerThread0  34479 2081   !   4       jdk.internal.loader.BuiltinClassLoader::loadClassOrNull (143 bytes)

VM state:not at safepoint (normal execution)

VM Mutex/Monitor currently owned by a thread: None

Heap address: 0x00000000a8200000, size: 1406 MB, Compressed Oops mode: 32-bit
Narrow klass base: 0x0000000000000000, Narrow klass shift: 0
Compressed class space size: 1073741824 Address: 0x000000001b790000

Heap:
 garbage-first heap   total 90112K, used 31398K [0x00000000a8200000, 0x0000000100000000)
  region size 1024K, 26 young (26624K), 7 survivors (7168K)
 Metaspace       used 26339K, capacity 26694K, committed 26880K, reserved 1073152K
  class space    used 2833K, capacity 2977K, committed 3072K, reserved 1048576K
Heap Regions: E=young(eden), S=young(survivor), O=old, HS=humongous(starts), HC=humongous(continues), CS=collection set, F=free, A=archive, TAMS=top-at-mark-start (previous, next)
|   0|0x00000000a8200000, 0x00000000a8300000, 0x00000000a8300000|100%|HS|  |TAMS 0x00000000a8300000, 0x00000000a8200000| Complete 
|   1|0x00000000a8300000, 0x00000000a8400000, 0x00000000a8400000|100%|HC|  |TAMS 0x00000000a8400000, 0x00000000a8300000| Complete 
|   2|0x00000000a8400000, 0x00000000a8500000, 0x00000000a8500000|100%|HC|  |TAMS 0x00000000a8500000, 0x00000000a8400000| Complete 
|   3|0x00000000a8500000, 0x00000000a8500000, 0x00000000a8600000|  0%| F|  |TAMS 0x00000000a8500000, 0x00000000a8500000| Untracked 
|   4|0x00000000a8600000, 0x00000000a861e400, 0x00000000a8700000| 11%| O|  |TAMS 0x00000000a861e400, 0x00000000a8600000| Untracked 
|   5|0x00000000a8700000, 0x00000000a8800000, 0x00000000a8800000|100%|HS|  |TAMS 0x00000000a8700000, 0x00000000a8700000| Complete 
|   6|0x00000000a8800000, 0x00000000a8900000, 0x00000000a8900000|100%|HC|  |TAMS 0x00000000a8800000, 0x00000000a8800000| Complete 
|   7|0x00000000a8900000, 0x00000000a8a00000, 0x00000000a8a00000|100%|HC|  |TAMS 0x00000000a8900000, 0x00000000a8900000| Complete 
|   8|0x00000000a8a00000, 0x00000000a8a00000, 0x00000000a8b00000|  0%| F|  |TAMS 0x00000000a8a00000, 0x00000000a8a00000| Untracked 
|   9|0x00000000a8b00000, 0x00000000a8b00000, 0x00000000a8c00000|  0%| F|  |TAMS 0x00000000a8b00000, 0x00000000a8b00000| Untracked 
|  10|0x00000000a8c00000, 0x00000000a8c00000, 0x00000000a8d00000|  0%| F|  |TAMS 0x00000000a8c00000, 0x00000000a8c00000| Untracked 
|  11|0x00000000a8d00000, 0x00000000a8d00000, 0x00000000a8e00000|  0%| F|  |TAMS 0x00000000a8d00000, 0x00000000a8d00000| Untracked 
|  12|0x00000000a8e00000, 0x00000000a8e00000, 0x00000000a8f00000|  0%| F|  |TAMS 0x00000000a8e00000, 0x00000000a8e00000| Untracked 
|  13|0x00000000a8f00000, 0x00000000a8f00000, 0x00000000a9000000|  0%| F|  |TAMS 0x00000000a8f00000, 0x00000000a8f00000| Untracked 
|  14|0x00000000a9000000, 0x00000000a9000000, 0x00000000a9100000|  0%| F|  |TAMS 0x00000000a9000000, 0x00000000a9000000| Untracked 
|  15|0x00000000a9100000, 0x00000000a9100000, 0x00000000a9200000|  0%| F|  |TAMS 0x00000000a9100000, 0x00000000a9100000| Untracked 
|  16|0x00000000a9200000, 0x00000000a9200000, 0x00000000a9300000|  0%| F|  |TAMS 0x00000000a9200000, 0x00000000a9200000| Untracked 
|  17|0x00000000a9300000, 0x00000000a9300000, 0x00000000a9400000|  0%| F|  |TAMS 0x00000000a9300000, 0x00000000a9300000| Untracked 
|  18|0x00000000a9400000, 0x00000000a9400000, 0x00000000a9500000|  0%| F|  |TAMS 0x00000000a9400000, 0x00000000a9400000| Untracked 
|  19|0x00000000a9500000, 0x00000000a9500000, 0x00000000a9600000|  0%| F|  |TAMS 0x00000000a9500000, 0x00000000a9500000| Untracked 
|  20|0x00000000a9600000, 0x00000000a9600000, 0x00000000a9700000|  0%| F|  |TAMS 0x00000000a9600000, 0x00000000a9600000| Untracked 
|  21|0x00000000a9700000, 0x00000000a9700000, 0x00000000a9800000|  0%| F|  |TAMS 0x00000000a9700000, 0x00000000a9700000| Untracked 
|  22|0x00000000a9800000, 0x00000000a9800000, 0x00000000a9900000|  0%| F|  |TAMS 0x00000000a9800000, 0x00000000a9800000| Untracked 
|  23|0x00000000a9900000, 0x00000000a9900000, 0x00000000a9a00000|  0%| F|  |TAMS 0x00000000a9900000, 0x00000000a9900000| Untracked 
|  24|0x00000000a9a00000, 0x00000000a9a00000, 0x00000000a9b00000|  0%| F|  |TAMS 0x00000000a9a00000, 0x00000000a9a00000| Untracked 
|  25|0x00000000a9b00000, 0x00000000a9b00000, 0x00000000a9c00000|  0%| F|  |TAMS 0x00000000a9b00000, 0x00000000a9b00000| Untracked 
|  26|0x00000000a9c00000, 0x00000000a9c00000, 0x00000000a9d00000|  0%| F|  |TAMS 0x00000000a9c00000, 0x00000000a9c00000| Untracked 
|  27|0x00000000a9d00000, 0x00000000a9d00000, 0x00000000a9e00000|  0%| F|  |TAMS 0x00000000a9d00000, 0x00000000a9d00000| Untracked 
|  28|0x00000000a9e00000, 0x00000000a9e00000, 0x00000000a9f00000|  0%| F|  |TAMS 0x00000000a9e00000, 0x00000000a9e00000| Untracked 
|  29|0x00000000a9f00000, 0x00000000a9f00000, 0x00000000aa000000|  0%| F|  |TAMS 0x00000000a9f00000, 0x00000000a9f00000| Untracked 
|  30|0x00000000aa000000, 0x00000000aa000000, 0x00000000aa100000|  0%| F|  |TAMS 0x00000000aa000000, 0x00000000aa000000| Untracked 
|  31|0x00000000aa100000, 0x00000000aa100000, 0x00000000aa200000|  0%| F|  |TAMS 0x00000000aa100000, 0x00000000aa100000| Untracked 
|  32|0x00000000aa200000, 0x00000000aa200000, 0x00000000aa300000|  0%| F|  |TAMS 0x00000000aa200000, 0x00000000aa200000| Untracked 
|  33|0x00000000aa300000, 0x00000000aa300000, 0x00000000aa400000|  0%| F|  |TAMS 0x00000000aa300000, 0x00000000aa300000| Untracked 
|  34|0x00000000aa400000, 0x00000000aa48b7b8, 0x00000000aa500000| 54%| S|CS|TAMS 0x00000000aa400000, 0x00000000aa400000| Complete 
|  35|0x00000000aa500000, 0x00000000aa600000, 0x00000000aa600000|100%| S|CS|TAMS 0x00000000aa500000, 0x00000000aa500000| Complete 
|  36|0x00000000aa600000, 0x00000000aa700000, 0x00000000aa700000|100%| S|CS|TAMS 0x00000000aa600000, 0x00000000aa600000| Complete 
|  37|0x00000000aa700000, 0x00000000aa800000, 0x00000000aa800000|100%| S|CS|TAMS 0x00000000aa700000, 0x00000000aa700000| Complete 
|  38|0x00000000aa800000, 0x00000000aa900000, 0x00000000aa900000|100%| S|CS|TAMS 0x00000000aa800000, 0x00000000aa800000| Complete 
|  39|0x00000000aa900000, 0x00000000aaa00000, 0x00000000aaa00000|100%| S|CS|TAMS 0x00000000aa900000, 0x00000000aa900000| Complete 
|  40|0x00000000aaa00000, 0x00000000aab00000, 0x00000000aab00000|100%| S|CS|TAMS 0x00000000aaa00000, 0x00000000aaa00000| Complete 
|  41|0x00000000aab00000, 0x00000000aab00000, 0x00000000aac00000|  0%| F|  |TAMS 0x00000000aab00000, 0x00000000aab00000| Untracked 
|  42|0x00000000aac00000, 0x00000000aac00000, 0x00000000aad00000|  0%| F|  |TAMS 0x00000000aac00000, 0x00000000aac00000| Untracked 
|  43|0x00000000aad00000, 0x00000000aad00000, 0x00000000aae00000|  0%| F|  |TAMS 0x00000000aad00000, 0x00000000aad00000| Untracked 
|  44|0x00000000aae00000, 0x00000000aae00000, 0x00000000aaf00000|  0%| F|  |TAMS 0x00000000aae00000, 0x00000000aae00000| Untracked 
|  45|0x00000000aaf00000, 0x00000000aaf00000, 0x00000000ab000000|  0%| F|  |TAMS 0x00000000aaf00000, 0x00000000aaf00000| Untracked 
|  46|0x00000000ab000000, 0x00000000ab000000, 0x00000000ab100000|  0%| F|  |TAMS 0x00000000ab000000, 0x00000000ab000000| Untracked 
|  47|0x00000000ab100000, 0x00000000ab100000, 0x00000000ab200000|  0%| F|  |TAMS 0x00000000ab100000, 0x00000000ab100000| Untracked 
|  48|0x00000000ab200000, 0x00000000ab200000, 0x00000000ab300000|  0%| F|  |TAMS 0x00000000ab200000, 0x00000000ab200000| Untracked 
|  49|0x00000000ab300000, 0x00000000ab300000, 0x00000000ab400000|  0%| F|  |TAMS 0x00000000ab300000, 0x00000000ab300000| Untracked 
|  50|0x00000000ab400000, 0x00000000ab400000, 0x00000000ab500000|  0%| F|  |TAMS 0x00000000ab400000, 0x00000000ab400000| Untracked 
|  51|0x00000000ab500000, 0x00000000ab500000, 0x00000000ab600000|  0%| F|  |TAMS 0x00000000ab500000, 0x00000000ab500000| Untracked 
|  52|0x00000000ab600000, 0x00000000ab600000, 0x00000000ab700000|  0%| F|  |TAMS 0x00000000ab600000, 0x00000000ab600000| Untracked 
|  53|0x00000000ab700000, 0x00000000ab700000, 0x00000000ab800000|  0%| F|  |TAMS 0x00000000ab700000, 0x00000000ab700000| Untracked 
|  54|0x00000000ab800000, 0x00000000ab800000, 0x00000000ab900000|  0%| F|  |TAMS 0x00000000ab800000, 0x00000000ab800000| Untracked 
|  55|0x00000000ab900000, 0x00000000ab900000, 0x00000000aba00000|  0%| F|  |TAMS 0x00000000ab900000, 0x00000000ab900000| Untracked 
|  56|0x00000000aba00000, 0x00000000aba00000, 0x00000000abb00000|  0%| F|  |TAMS 0x00000000aba00000, 0x00000000aba00000| Untracked 
|  57|0x00000000abb00000, 0x00000000abb00000, 0x00000000abc00000|  0%| F|  |TAMS 0x00000000abb00000, 0x00000000abb00000| Untracked 
|  58|0x00000000abc00000, 0x00000000abc00000, 0x00000000abd00000|  0%| F|  |TAMS 0x00000000abc00000, 0x00000000abc00000| Untracked 
|  59|0x00000000abd00000, 0x00000000abd00000, 0x00000000abe00000|  0%| F|  |TAMS 0x00000000abd00000, 0x00000000abd00000| Untracked 
|  60|0x00000000abe00000, 0x00000000abe00000, 0x00000000abf00000|  0%| F|  |TAMS 0x00000000abe00000, 0x00000000abe00000| Untracked 
|  61|0x00000000abf00000, 0x00000000abf00000, 0x00000000ac000000|  0%| F|  |TAMS 0x00000000abf00000, 0x00000000abf00000| Untracked 
|  62|0x00000000ac000000, 0x00000000ac000000, 0x00000000ac100000|  0%| F|  |TAMS 0x00000000ac000000, 0x00000000ac000000| Untracked 
|  63|0x00000000ac100000, 0x00000000ac100000, 0x00000000ac200000|  0%| F|  |TAMS 0x00000000ac100000, 0x00000000ac100000| Untracked 
|  64|0x00000000ac200000, 0x00000000ac200000, 0x00000000ac300000|  0%| F|  |TAMS 0x00000000ac200000, 0x00000000ac200000| Untracked 
|  65|0x00000000ac300000, 0x00000000ac300000, 0x00000000ac400000|  0%| F|  |TAMS 0x00000000ac300000, 0x00000000ac300000| Untracked 
|  66|0x00000000ac400000, 0x00000000ac400000, 0x00000000ac500000|  0%| F|  |TAMS 0x00000000ac400000, 0x00000000ac400000| Untracked 
|  67|0x00000000ac500000, 0x00000000ac500000, 0x00000000ac600000|  0%| F|  |TAMS 0x00000000ac500000, 0x00000000ac500000| Untracked 
|  68|0x00000000ac600000, 0x00000000ac600000, 0x00000000ac700000|  0%| F|  |TAMS 0x00000000ac600000, 0x00000000ac600000| Untracked 
|  69|0x00000000ac700000, 0x00000000ac800000, 0x00000000ac800000|100%| E|  |TAMS 0x00000000ac700000, 0x00000000ac700000| Complete 
|  70|0x00000000ac800000, 0x00000000ac900000, 0x00000000ac900000|100%| E|CS|TAMS 0x00000000ac800000, 0x00000000ac800000| Complete 
|  71|0x00000000ac900000, 0x00000000aca00000, 0x00000000aca00000|100%| E|CS|TAMS 0x00000000ac900000, 0x00000000ac900000| Complete 
|  72|0x00000000aca00000, 0x00000000acb00000, 0x00000000acb00000|100%| E|CS|TAMS 0x00000000aca00000, 0x00000000aca00000| Complete 
|  73|0x00000000acb00000, 0x00000000acc00000, 0x00000000acc00000|100%| E|CS|TAMS 0x00000000acb00000, 0x00000000acb00000| Complete 
|  74|0x00000000acc00000, 0x00000000acd00000, 0x00000000acd00000|100%| E|CS|TAMS 0x00000000acc00000, 0x00000000acc00000| Complete 
|  75|0x00000000acd00000, 0x00000000ace00000, 0x00000000ace00000|100%| E|CS|TAMS 0x00000000acd00000, 0x00000000acd00000| Complete 
|  76|0x00000000ace00000, 0x00000000acf00000, 0x00000000acf00000|100%| E|CS|TAMS 0x00000000ace00000, 0x00000000ace00000| Complete 
|  77|0x00000000acf00000, 0x00000000ad000000, 0x00000000ad000000|100%| E|CS|TAMS 0x00000000acf00000, 0x00000000acf00000| Complete 
|  78|0x00000000ad000000, 0x00000000ad100000, 0x00000000ad100000|100%| E|CS|TAMS 0x00000000ad000000, 0x00000000ad000000| Complete 
|  79|0x00000000ad100000, 0x00000000ad200000, 0x00000000ad200000|100%| E|CS|TAMS 0x00000000ad100000, 0x00000000ad100000| Complete 
|  80|0x00000000ad200000, 0x00000000ad300000, 0x00000000ad300000|100%| E|CS|TAMS 0x00000000ad200000, 0x00000000ad200000| Complete 
|  81|0x00000000ad300000, 0x00000000ad400000, 0x00000000ad400000|100%| E|CS|TAMS 0x00000000ad300000, 0x00000000ad300000| Complete 
|  82|0x00000000ad400000, 0x00000000ad500000, 0x00000000ad500000|100%| E|CS|TAMS 0x00000000ad400000, 0x00000000ad400000| Complete 
|  83|0x00000000ad500000, 0x00000000ad600000, 0x00000000ad600000|100%| E|CS|TAMS 0x00000000ad500000, 0x00000000ad500000| Complete 
|  84|0x00000000ad600000, 0x00000000ad700000, 0x00000000ad700000|100%| E|CS|TAMS 0x00000000ad600000, 0x00000000ad600000| Complete 
|  85|0x00000000ad700000, 0x00000000ad800000, 0x00000000ad800000|100%| E|CS|TAMS 0x00000000ad700000, 0x00000000ad700000| Complete 
|  86|0x00000000ad800000, 0x00000000ad900000, 0x00000000ad900000|100%| E|CS|TAMS 0x00000000ad800000, 0x00000000ad800000| Complete 
|  87|0x00000000ad900000, 0x00000000ada00000, 0x00000000ada00000|100%| E|CS|TAMS 0x00000000ad900000, 0x00000000ad900000| Complete 

Card table byte_map: [0x0000000015a90000,0x0000000015d50000] _byte_map_base: 0x000000001554f000

Marking Bits (Prev, Next): (CMBitMap*) 0x000000000037fa90, (CMBitMap*) 0x000000000037fa58
 Prev Bits: [0x0000000017610000, 0x0000000018c08000)
 Next Bits: [0x0000000016010000, 0x0000000017608000)

Polling page: 0x0000000000230000

Metaspace:

Usage:
  Non-class:     23.16 MB capacity,    22.96 MB (>99%) used,   171.50 KB ( <1%) free+waste,    39.13 KB ( <1%) overhead. 
      Class:      2.91 MB capacity,     2.77 MB ( 95%) used,   125.84 KB (  4%) free+waste,    18.00 KB ( <1%) overhead. 
       Both:     26.07 MB capacity,    25.72 MB ( 99%) used,   297.34 KB (  1%) free+waste,    57.13 KB ( <1%) overhead. 

Virtual space:
  Non-class space:       24.00 MB reserved,      23.25 MB ( 97%) committed 
      Class space:        1.00 GB reserved,       3.00 MB ( <1%) committed 
             Both:        1.02 GB reserved,      26.25 MB (  3%) committed 

Chunk freelists:
   Non-Class:  27.00 KB
       Class:  0 bytes
        Both:  27.00 KB

MaxMetaspaceSize: 17179869184.00 GB
CompressedClassSpaceSize: 1.00 GB
Initial GC threshold: 20.80 MB
Current GC threshold: 35.00 MB
CDS: off

CodeHeap 'non-profiled nmethods': size=120064Kb used=684Kb max_used=684Kb free=119379Kb
 bounds [0x000000000dc40000, 0x000000000deb0000, 0x0000000015180000]
CodeHeap 'profiled nmethods': size=120000Kb used=4246Kb max_used=4246Kb free=115753Kb
 bounds [0x0000000006710000, 0x0000000006b40000, 0x000000000dc40000]
CodeHeap 'non-nmethods': size=5696Kb used=1230Kb max_used=1241Kb free=4465Kb
 bounds [0x0000000006180000, 0x00000000063f0000, 0x0000000006710000]
 total_blobs=2600 nmethods=2095 adapters=417
 compilation: enabled
              stopped_count=0, restarted_count=0
 full_count=0

Compilation events (20 events):
Event: 33.211 Thread 0x000000005c0e1000 2074       3       com.sun.org.apache.xerces.internal.impl.XMLDocumentFragmentScannerImpl::getAttributeIterator (39 bytes)
Event: 33.211 Thread 0x000000005c0e1000 nmethod 2074 0x0000000006b28810 code [0x0000000006b289c0, 0x0000000006b28b88]
Event: 33.211 Thread 0x000000005c0e1000 2075       1       org.jetbrains.kotlin.org.jdom.Attribute::getName (5 bytes)
Event: 33.211 Thread 0x000000005c0e1000 nmethod 2075 0x000000000dceaa10 code [0x000000000dceabc0, 0x000000000dceac78]
Event: 33.211 Thread 0x000000005c0e1000 2076       1       org.jetbrains.kotlin.org.jdom.Namespace::getURI (5 bytes)
Event: 33.211 Thread 0x000000005c0e1000 nmethod 2076 0x000000000dcead10 code [0x000000000dceaec0, 0x000000000dceaf78]
Event: 33.211 Thread 0x000000005c0e1000 2077       1       org.jetbrains.kotlin.org.jdom.Attribute::getNamespace (5 bytes)
Event: 33.212 Thread 0x000000005c0e1000 nmethod 2077 0x000000000dceb010 code [0x000000000dceb1c0, 0x000000000dceb278]
Event: 33.212 Thread 0x000000005c0e1000 2078       3       com.sun.org.apache.xerces.internal.impl.XMLEntityScanner::skipSpaces (350 bytes)
Event: 33.213 Thread 0x000000005c0e1000 nmethod 2078 0x0000000006b28c10 code [0x0000000006b28ea0, 0x0000000006b29a08]
Event: 33.213 Thread 0x000000005c0e1000 2079       3       com.sun.org.apache.xerces.internal.utils.XMLSecurityManager::isOverLimit (111 bytes)
Event: 33.213 Thread 0x000000005c0e1000 nmethod 2079 0x0000000006b29e90 code [0x0000000006b2a0a0, 0x0000000006b2a6d8]
Event: 33.213 Thread 0x000000005c0e1000 2080       3       com.sun.org.apache.xerces.internal.utils.XMLSecurityManager::isOverLimit (10 bytes)
Event: 33.213 Thread 0x000000005c0e1000 nmethod 2080 0x0000000006b2aa10 code [0x0000000006b2abc0, 0x0000000006b2ad08]
Event: 33.299 Thread 0x000000005c0df000 2081   !   4       jdk.internal.loader.BuiltinClassLoader::loadClassOrNull (143 bytes)
Event: 33.300 Thread 0x000000005c0e1000 2082       3       org.jetbrains.kotlin.org.jdom.Attribute::getNamespaceURI (8 bytes)
Event: 33.300 Thread 0x000000005c0e1000 nmethod 2082 0x0000000006b2ae10 code [0x0000000006b2afc0, 0x0000000006b2b0d8]
Event: 33.302 Thread 0x000000005c0e1000 2084       3       java.lang.invoke.DirectMethodHandle::shouldBeInitialized (123 bytes)
Event: 33.304 Thread 0x000000005c0e1000 nmethod 2084 0x0000000006b2b190 code [0x0000000006b2b580, 0x0000000006b2cbb8]
Event: 33.466 Thread 0x000000005c0e1000 2085       3       java.util.HashMap$HashIterator::<init> (79 bytes)

GC Heap History (4 events):
Event: 5.581 GC heap before
{Heap before GC invocations=0 (full 0):
 garbage-first heap   total 90112K, used 17408K [0x00000000a8200000, 0x0000000100000000)
  region size 1024K, 14 young (14336K), 0 survivors (0K)
 Metaspace       used 9872K, capacity 10002K, committed 10112K, reserved 1058816K
  class space    used 839K, capacity 885K, committed 896K, reserved 1048576K
}
Event: 5.593 GC heap after
{Heap after GC invocations=1 (full 0):
 garbage-first heap   total 90112K, used 5241K [0x00000000a8200000, 0x0000000100000000)
  region size 1024K, 2 young (2048K), 2 survivors (2048K)
 Metaspace       used 9872K, capacity 10002K, committed 10112K, reserved 1058816K
  class space    used 839K, capacity 885K, committed 896K, reserved 1048576K
}
Event: 22.027 GC heap before
{Heap before GC invocations=1 (full 0):
 garbage-first heap   total 90112K, used 50297K [0x00000000a8200000, 0x0000000100000000)
  region size 1024K, 47 young (48128K), 2 survivors (2048K)
 Metaspace       used 20928K, capacity 21190K, committed 21248K, reserved 1069056K
  class space    used 2216K, capacity 2302K, committed 2304K, reserved 1048576K
}
Event: 22.046 GC heap after
{Heap after GC invocations=2 (full 0):
 garbage-first heap   total 90112K, used 9894K [0x00000000a8200000, 0x0000000100000000)
  region size 1024K, 7 young (7168K), 7 survivors (7168K)
 Metaspace       used 20928K, capacity 21190K, committed 21248K, reserved 1069056K
  class space    used 2216K, capacity 2302K, committed 2304K, reserved 1048576K
}

Deoptimization events (20 events):
Event: 32.976 Thread 0x0000000000349800 Uncommon trap: trap_request=0xffffffde fr.pc=0x000000000dc988f4 relative=0x0000000000000054
Event: 32.976 Thread 0x0000000000349800 Uncommon trap: reason=class_check action=maybe_recompile pc=0x000000000dc988f4 method=java.util.Collections$UnmodifiableCollection.size()I @ 4 c2
Event: 32.976 Thread 0x0000000000349800 DEOPT PACKING pc=0x000000000dc988f4 sp=0x000000000223c150
Event: 32.976 Thread 0x0000000000349800 DEOPT UNPACKING pc=0x00000000061ca1af sp=0x000000000223c0e0 mode 2
Event: 32.976 Thread 0x0000000000349800 Uncommon trap: trap_request=0xffffffde fr.pc=0x000000000dc988f4 relative=0x0000000000000054
Event: 32.977 Thread 0x0000000000349800 Uncommon trap: reason=class_check action=maybe_recompile pc=0x000000000dc988f4 method=java.util.Collections$UnmodifiableCollection.size()I @ 4 c2
Event: 32.977 Thread 0x0000000000349800 DEOPT PACKING pc=0x000000000dc988f4 sp=0x000000000223c150
Event: 32.977 Thread 0x0000000000349800 DEOPT UNPACKING pc=0x00000000061ca1af sp=0x000000000223c0e0 mode 2
Event: 32.977 Thread 0x0000000000349800 Uncommon trap: trap_request=0xffffffcc fr.pc=0x000000000dce645c relative=0x000000000000019c
Event: 32.977 Thread 0x0000000000349800 Uncommon trap: reason=intrinsic_or_type_checked_inlining action=make_not_entrant pc=0x000000000dce645c method=java.util.Arrays.copyOf([Ljava/lang/Object;ILjava/lang/Class;)[Ljava/lang/Object; @ 35 c2
Event: 32.977 Thread 0x0000000000349800 DEOPT PACKING pc=0x000000000dce645c sp=0x000000000223c070
Event: 32.977 Thread 0x0000000000349800 DEOPT UNPACKING pc=0x00000000061ca1af sp=0x000000000223c018 mode 2
Event: 32.977 Thread 0x0000000000349800 Uncommon trap: trap_request=0xffffffde fr.pc=0x000000000dc988f4 relative=0x0000000000000054
Event: 32.977 Thread 0x0000000000349800 Uncommon trap: reason=class_check action=maybe_recompile pc=0x000000000dc988f4 method=java.util.Collections$UnmodifiableCollection.size()I @ 4 c2
Event: 32.977 Thread 0x0000000000349800 DEOPT PACKING pc=0x000000000dc988f4 sp=0x000000000223c150
Event: 32.977 Thread 0x0000000000349800 DEOPT UNPACKING pc=0x00000000061ca1af sp=0x000000000223c0e0 mode 2
Event: 33.300 Thread 0x0000000000349800 Uncommon trap: trap_request=0xffffff4d fr.pc=0x000000000dcbde38 relative=0x0000000000000578
Event: 33.300 Thread 0x0000000000349800 Uncommon trap: reason=unstable_if action=reinterpret pc=0x000000000dcbde38 method=java.lang.Integer.getChars(II[B)I @ 25 c2
Event: 33.300 Thread 0x0000000000349800 DEOPT PACKING pc=0x000000000dcbde38 sp=0x000000000223e5f0
Event: 33.300 Thread 0x0000000000349800 DEOPT UNPACKING pc=0x00000000061ca1af sp=0x000000000223e4e0 mode 2

Classes redefined (0 events):
No events

Internal exceptions (20 events):
Event: 16.933 Thread 0x0000000000349800 Exception <a 'java/lang/NoSuchMethodError'{0x00000000ab7c86c0}: 'void java.lang.invoke.DelegatingMethodHandle$Holder.reinvoke_L(java.lang.Object, java.lang.Object, java.lang.Object, long, java.lang.Object)'> (0x00000000ab7c86c0) thrown at [./src/hotspot/share/interpreter/linkResolver.cpp, line 773]
Event: 16.935 Thread 0x0000000000349800 Exception <a 'java/lang/NoSuchMethodError'{0x00000000ab7d1f40}: 'java.lang.Object java.lang.invoke.DirectMethodHandle$Holder.invokeSpecial(java.lang.Object, java.lang.Object, java.lang.Object, java.lang.Object, long)'> (0x00000000ab7d1f40) thrown at [./src/hotspot/share/interpreter/linkResolver.cpp, line 773]
Event: 16.935 Thread 0x0000000000349800 Exception <a 'java/lang/NoSuchMethodError'{0x00000000ab7d5498}: 'java.lang.Object java.lang.invoke.DelegatingMethodHandle$Holder.reinvoke_L(java.lang.Object, java.lang.Object, java.lang.Object, long)'> (0x00000000ab7d5498) thrown at [./src/hotspot/share/interpreter/linkResolver.cpp, line 773]
Event: 16.946 Thread 0x0000000000349800 Exception <a 'java/lang/NoSuchMethodError'{0x00000000ab7ef918}: 'long java.lang.invoke.Invokers$Holder.invoke_MT(java.lang.Object, java.lang.Object, java.lang.Object, java.lang.Object)'> (0x00000000ab7ef918) thrown at [./src/hotspot/share/interpreter/linkResolver.cpp, line 773]
Event: 16.946 Thread 0x0000000000349800 Exception <a 'java/lang/NoSuchMethodError'{0x00000000ab7f2f98}: 'long java.lang.invoke.DelegatingMethodHandle$Holder.reinvoke_L(java.lang.Object, java.lang.Object, java.lang.Object)'> (0x00000000ab7f2f98) thrown at [./src/hotspot/share/interpreter/linkResolver.cpp, line 773]
Event: 16.948 Thread 0x0000000000349800 Exception <a 'java/lang/NoSuchMethodError'{0x00000000ab7fcc58}: 'int java.lang.invoke.DirectMethodHandle$Holder.invokeSpecial(java.lang.Object, java.lang.Object, java.lang.Object, java.lang.Object)'> (0x00000000ab7fcc58) thrown at [./src/hotspot/share/interpreter/linkResolver.cpp, line 773]
Event: 16.951 Thread 0x0000000000349800 Exception <a 'java/lang/NoSuchMethodError'{0x00000000ab60bee8}: 'int java.lang.invoke.DelegatingMethodHandle$Holder.reinvoke_L(java.lang.Object, java.lang.Object, java.lang.Object, long, int)'> (0x00000000ab60bee8) thrown at [./src/hotspot/share/interpreter/linkResolver.cpp, line 773]
Event: 18.930 Thread 0x0000000000349800 Exception <a 'java/lang/NoSuchMethodError'{0x00000000ab271b68}: 'int java.lang.invoke.DirectMethodHandle$Holder.invokeSpecialIFC(java.lang.Object, java.lang.Object, int)'> (0x00000000ab271b68) thrown at [./src/hotspot/share/interpreter/linkResolver.cpp, line 773]
Event: 21.971 Thread 0x0000000000349800 Exception <a 'java/lang/NoSuchMethodError'{0x00000000aaba6588}: 'java.lang.Object java.lang.invoke.DirectMethodHandle$Holder.invokeStaticInit(java.lang.Object, int)'> (0x00000000aaba6588) thrown at [./src/hotspot/share/interpreter/linkResolver.cpp, line 773]
Event: 22.636 Thread 0x0000000000349800 Exception <a 'java/lang/NoSuchMethodError'{0x00000000ad8ae590}: 'long java.lang.invoke.DirectMethodHandle$Holder.invokeStatic(java.lang.Object)'> (0x00000000ad8ae590) thrown at [./src/hotspot/share/interpreter/linkResolver.cpp, line 773]
Event: 22.636 Thread 0x0000000000349800 Exception <a 'java/lang/NoSuchMethodError'{0x00000000ad8b13e8}: 'long java.lang.invoke.DirectMethodHandle$Holder.invokeStaticInit(java.lang.Object)'> (0x00000000ad8b13e8) thrown at [./src/hotspot/share/interpreter/linkResolver.cpp, line 773]
Event: 23.564 Thread 0x0000000000349800 Exception <a 'java/lang/NoSuchMethodError'{0x00000000ad45a838}: 'int java.lang.invoke.DirectMethodHandle$Holder.invokeStaticInit(java.lang.Object, java.lang.Object, java.lang.Object)'> (0x00000000ad45a838) thrown at [./src/hotspot/share/interpreter/linkResolver.cpp, line 773]
Event: 23.661 Thread 0x0000000000349800 Exception <a 'java/lang/NoSuchMethodError'{0x00000000ad486120}: 'int java.lang.invoke.DirectMethodHandle$Holder.invokeStaticInit(java.lang.Object, java.lang.Object)'> (0x00000000ad486120) thrown at [./src/hotspot/share/interpreter/linkResolver.cpp, line 773]
Event: 24.953 Thread 0x0000000000349800 Exception <a 'java/lang/NoSuchMethodError'{0x00000000ad296f88}: 'void java.lang.invoke.DirectMethodHandle$Holder.invokeSpecial(java.lang.Object, java.lang.Object)'> (0x00000000ad296f88) thrown at [./src/hotspot/share/interpreter/linkResolver.cpp, line 773]
Event: 32.954 Thread 0x0000000000349800 Exception <a 'java/lang/NoSuchMethodError'{0x00000000acab5d98}: 'java.lang.Object java.lang.invoke.DirectMethodHandle$Holder.invokeStatic(java.lang.Object, java.lang.Object, java.lang.Object, java.lang.Object, java.lang.Object, java.lang.Object, java.lang.Object, java.lang.Object, java.lang.Object, java.lang.Object, java.lang.Object, java.lang.Object, java.lang.Object, java.lang.Object, java.lang.Object)'> (0x00000000acab5d98) thrown at [./src/hotspot/share/interpreter/linkResolver.cpp, line 773]
Event: 32.956 Thread 0x0000000000349800 Exception <a 'java/lang/NoSuchMethodError'{0x00000000acac3da0}: 'java.lang.Object java.lang.invoke.DirectMethodHandle$Holder.invokeStatic(java.lang.Object, java.lang.Object, java.lang.Object, java.lang.Object, java.lang.Object, java.lang.Object, java.lang.Object, java.lang.Object, java.lang.Object, java.lang.Object, java.lang.Object, java.lang.Object, java.lang.Object, java.lang.Object, java.lang.Object, java.lang.Object)'> (0x00000000acac3da0) thrown at [./src/hotspot/share/interpreter/linkResolver.cpp, l
Event: 32.957 Thread 0x0000000000349800 Exception <a 'java/lang/NoSuchMethodError'{0x00000000acad1cb8}: 'java.lang.Object java.lang.invoke.DirectMethodHandle$Holder.invokeSpecial(java.lang.Object, java.lang.Object, int, int, java.lang.Object, java.lang.Object, java.lang.Object)'> (0x00000000acad1cb8) thrown at [./src/hotspot/share/interpreter/linkResolver.cpp, line 773]
Event: 32.957 Thread 0x0000000000349800 Exception <a 'java/lang/NoSuchMethodError'{0x00000000acad54f0}: 'java.lang.Object java.lang.invoke.DelegatingMethodHandle$Holder.reinvoke_L(java.lang.Object, int, int, java.lang.Object, java.lang.Object, java.lang.Object)'> (0x00000000acad54f0) thrown at [./src/hotspot/share/interpreter/linkResolver.cpp, line 773]
Event: 32.974 Thread 0x0000000000349800 Exception <a 'java/lang/NoSuchMethodError'{0x00000000acad9878}: 'java.lang.Object java.lang.invoke.DirectMethodHandle$Holder.invokeStatic(java.lang.Object, java.lang.Object, java.lang.Object, java.lang.Object, int)'> (0x00000000acad9878) thrown at [./src/hotspot/share/interpreter/linkResolver.cpp, line 773]
Event: 33.302 Thread 0x0000000000349800 Exception <a 'java/lang/NoSuchMethodError'{0x00000000ac9fddf0}: 'void java.lang.invoke.DirectMethodHandle$Holder.invokeStatic(java.lang.Object, java.lang.Object, java.lang.Object, java.lang.Object)'> (0x00000000ac9fddf0) thrown at [./src/hotspot/share/interpreter/linkResolver.cpp, line 773]

Events (20 events):
Event: 33.303 loading class org/jetbrains/kotlin/com/intellij/lang/Language
Event: 33.303 loading class org/jetbrains/kotlin/com/intellij/lang/Language done
Event: 33.303 loading class org/jetbrains/kotlin/com/intellij/openapi/extensions/impl/ExtensionProcessingHelper
Event: 33.303 loading class org/jetbrains/kotlin/com/intellij/openapi/extensions/impl/ExtensionProcessingHelper done
Event: 33.328 loading class org/jetbrains/kotlin/com/intellij/util/keyFMap/OneElementFMap
Event: 33.328 loading class org/jetbrains/kotlin/com/intellij/util/keyFMap/OneElementFMap done
Event: 33.348 loading class org/jetbrains/kotlin/idea/KotlinFileType
Event: 33.348 loading class org/jetbrains/kotlin/idea/KotlinFileType done
Event: 33.366 loading class org/jetbrains/kotlin/idea/KotlinLanguage
Event: 33.366 loading class org/jetbrains/kotlin/idea/KotlinLanguage done
Event: 33.366 loading class org/jetbrains/kotlin/idea/KotlinFileType$1
Event: 33.366 loading class org/jetbrains/kotlin/idea/KotlinFileType$1 done
Event: 33.374 loading class org/jetbrains/kotlin/parsing/KotlinParserDefinition
Event: 33.374 loading class org/jetbrains/kotlin/parsing/KotlinParserDefinition done
Event: 33.413 loading class org/jetbrains/kotlin/parsing/KotlinParserDefinition$Companion
Event: 33.413 loading class org/jetbrains/kotlin/parsing/KotlinParserDefinition$Companion done
Event: 33.413 loading class org/jetbrains/kotlin/psi/stubs/elements/KtFileElementType
Event: 33.413 loading class org/jetbrains/kotlin/psi/stubs/elements/KtFileElementType done
Event: 33.450 loading class org/jetbrains/kotlin/psi/stubs/KotlinFileStub
Event: 33.450 loading class org/jetbrains/kotlin/psi/stubs/KotlinFileStub done


Dynamic libraries:
0x000000013f480000 - 0x000000013f48a000 	C:\Program Files\Android\Android Studio\jre\bin\java.exe
0x0000000077700000 - 0x000000007789f000 	C:\Windows\SYSTEM32\ntdll.dll
0x00000000774e0000 - 0x00000000775ff000 	C:\Windows\system32\kernel32.dll
0x000007fefd2e0000 - 0x000007fefd34a000 	C:\Windows\system32\KERNELBASE.dll
0x000007feee180000 - 0x000007feee199000 	C:\Program Files\Android\Android Studio\jre\bin\jli.dll
0x000007fefbcd0000 - 0x000007fefbec4000 	C:\Windows\WinSxS\amd64_microsoft.windows.common-controls_6595b64144ccf1df_6.0.7601.18837_none_fa3b1e3d17594757\COMCTL32.dll
0x000007fefdc80000 - 0x000007fefdd1f000 	C:\Windows\system32\msvcrt.dll
0x000007feff980000 - 0x000007feff9e7000 	C:\Windows\system32\GDI32.dll
0x0000000077600000 - 0x00000000776fa000 	C:\Windows\system32\USER32.dll
0x000007feff970000 - 0x000007feff97e000 	C:\Windows\system32\LPK.dll
0x000007feff820000 - 0x000007feff8eb000 	C:\Windows\system32\USP10.dll
0x000007feff8f0000 - 0x000007feff961000 	C:\Windows\system32\SHLWAPI.dll
0x000007fee5e70000 - 0x000007fee5e87000 	C:\Program Files\Android\Android Studio\jre\bin\VCRUNTIME140.dll
0x000007fee0510000 - 0x000007fee0514000 	C:\Windows\system32\api-ms-win-crt-runtime-l1-1-0.dll
0x000007fedda30000 - 0x000007feddb25000 	C:\Windows\system32\ucrtbase.DLL
0x000007fedda20000 - 0x000007fedda23000 	C:\Windows\system32\api-ms-win-core-timezone-l1-1-0.dll
0x000007fedda10000 - 0x000007fedda13000 	C:\Windows\system32\api-ms-win-core-file-l2-1-0.dll
0x000007fedda00000 - 0x000007fedda03000 	C:\Windows\system32\api-ms-win-core-localization-l1-2-0.dll
0x000007fef72a0000 - 0x000007fef72a3000 	C:\Windows\system32\api-ms-win-core-synch-l1-2-0.dll
0x000007fedd9f0000 - 0x000007fedd9f3000 	C:\Windows\system32\api-ms-win-core-processthreads-l1-1-1.dll
0x000007fedd9e0000 - 0x000007fedd9e3000 	C:\Windows\system32\api-ms-win-core-file-l1-2-0.dll
0x000007fedd9c0000 - 0x000007fedd9c4000 	C:\Windows\system32\api-ms-win-crt-string-l1-1-0.dll
0x000007fedd9d0000 - 0x000007fedd9d3000 	C:\Windows\system32\api-ms-win-crt-heap-l1-1-0.dll
0x000007fedd9b0000 - 0x000007fedd9b4000 	C:\Windows\system32\api-ms-win-crt-stdio-l1-1-0.dll
0x000007fedd9a0000 - 0x000007fedd9a4000 	C:\Windows\system32\api-ms-win-crt-convert-l1-1-0.dll
0x000007fedd950000 - 0x000007fedd953000 	C:\Windows\system32\api-ms-win-crt-environment-l1-1-0.dll
0x000007fedd970000 - 0x000007fedd973000 	C:\Windows\system32\api-ms-win-crt-filesystem-l1-1-0.dll
0x000007fedd940000 - 0x000007fedd945000 	C:\Windows\system32\api-ms-win-crt-math-l1-1-0.dll
0x000007fedd980000 - 0x000007fedd983000 	C:\Windows\system32\api-ms-win-crt-locale-l1-1-0.dll
0x000007fefde00000 - 0x000007fefde2e000 	C:\Windows\system32\IMM32.DLL
0x000007feff1e0000 - 0x000007feff2e9000 	C:\Windows\system32\MSCTF.dll
0x000007fee4ad0000 - 0x000007fee4b6d000 	C:\Program Files\Android\Android Studio\jre\bin\msvcp140.dll
0x000007fedd6b0000 - 0x000007fedd6b5000 	C:\Windows\system32\api-ms-win-crt-multibyte-l1-1-0.dll
0x000007fedd960000 - 0x000007fedd963000 	C:\Windows\system32\api-ms-win-crt-time-l1-1-0.dll
0x000007fedd930000 - 0x000007fedd933000 	C:\Windows\system32\api-ms-win-crt-utility-l1-1-0.dll
0x000007fee3cd0000 - 0x000007fee47b5000 	C:\Program Files\Android\Android Studio\jre\bin\server\jvm.dll
0x000007fefdd20000 - 0x000007fefddfb000 	C:\Windows\system32\ADVAPI32.dll
0x000007fefdb30000 - 0x000007fefdb4f000 	C:\Windows\SYSTEM32\sechost.dll
0x000007fefdb50000 - 0x000007fefdc7d000 	C:\Windows\system32\RPCRT4.dll
0x000007fee04b0000 - 0x000007fee04b9000 	C:\Windows\system32\WSOCK32.dll
0x000007feff2f0000 - 0x000007feff33d000 	C:\Windows\system32\WS2_32.dll
0x000007feff1d0000 - 0x000007feff1d8000 	C:\Windows\system32\NSI.dll
0x000007fefa0b0000 - 0x000007fefa0eb000 	C:\Windows\system32\WINMM.dll
0x000007fefc360000 - 0x000007fefc36c000 	C:\Windows\system32\VERSION.dll
0x00000000778b0000 - 0x00000000778b7000 	C:\Windows\system32\PSAPI.DLL
0x000007fef75a0000 - 0x000007fef75b1000 	C:\Program Files\Android\Android Studio\jre\bin\verify.dll
0x000007fef7170000 - 0x000007fef7295000 	C:\Windows\system32\DBGHELP.DLL
0x000007fef0830000 - 0x000007fef0859000 	C:\Program Files\Android\Android Studio\jre\bin\java.dll
0x000007fef7590000 - 0x000007fef759b000 	C:\Program Files\Android\Android Studio\jre\bin\jimage.dll
0x000007fef4570000 - 0x000007fef4588000 	C:\Program Files\Android\Android Studio\jre\bin\zip.dll
0x000007fefe1e0000 - 0x000007fefef6b000 	C:\Windows\system32\SHELL32.dll
0x000007fefefd0000 - 0x000007feff1cd000 	C:\Windows\system32\ole32.dll
0x000007fefd2a0000 - 0x000007fefd2af000 	C:\Windows\system32\profapi.dll
0x000007fef2220000 - 0x000007fef223a000 	C:\Program Files\Android\Android Studio\jre\bin\net.dll
0x000007fef70c0000 - 0x000007fef7131000 	C:\Windows\system32\WINHTTP.dll
0x000007fef7010000 - 0x000007fef7075000 	C:\Windows\system32\webio.dll
0x000007fefca30000 - 0x000007fefca85000 	C:\Windows\system32\mswsock.dll
0x000007fefca20000 - 0x000007fefca27000 	C:\Windows\System32\wship6.dll
0x000007fef0810000 - 0x000007fef0824000 	C:\Program Files\Android\Android Studio\jre\bin\nio.dll

dbghelp: loaded successfully - version: 4.0.5 - missing functions: none
symbol engine: initialized successfully - sym options: 0x614 - pdb path: .;C:\Program Files\Android\Android Studio\jre\bin;C:\Windows\SYSTEM32;C:\Windows\WinSxS\amd64_microsoft.windows.common-controls_6595b64144ccf1df_6.0.7601.18837_none_fa3b1e3d17594757;C:\Program Files\Android\Android Studio\jre\bin\server

VM Arguments:
java_command: org.jetbrains.kotlin.cli.jvm.K2JVMCompiler @C:\Users\Admin\AndroidStudioProjects\Test2\app\build\20221007_8867230804902971622.compiler.options
java_class_path (initial): C:\Users\Admin\.gradle\caches\modules-2\files-2.1\org.jetbrains.kotlin\kotlin-compiler-embeddable\1.7.10\909803167c98606fcf22b4c848647c68e351d48d\kotlin-compiler-embeddable-1.7.10.jar;C:\Users\Admin\.gradle\caches\modules-2\files-2.1\org.jetbrains.kotlin\kotlin-reflect\1.7.10\165e600dfea6185cf5efa700756294cc4904dbeb\kotlin-reflect-1.7.10.jar;C:\Users\Admin\.gradle\caches\modules-2\files-2.1\org.jetbrains.kotlin\kotlin-stdlib\1.7.10\d2abf9e77736acc4450dc4a3f707fa2c10f5099d\kotlin-stdlib-1.7.10.jar;C:\Users\Admin\.gradle\caches\modules-2\files-2.1\org.jetbrains.kotlin\kotlin-script-runtime\1.7.10\c99c87a6988d8fd8d5142e9ed5c9f34a7cf561ee\kotlin-script-runtime-1.7.10.jar;C:\Users\Admin\.gradle\caches\modules-2\files-2.1\org.jetbrains.kotlin\kotlin-daemon-embeddable\1.7.10\3a9f7aef7080d3ae63126cbba4f827ed664f32fa\kotlin-daemon-embeddable-1.7.10.jar;C:\Users\Admin\.gradle\caches\modules-2\files-2.1\org.jetbrains.intellij.deps\trove4j\1.0.20200330\3afb14d5f9ceb459d724e907a21145e8ff394f02\trove4j-1.0.20200330.jar;C:\Users\Admin\.gradle\caches\modules-2\files-2.1\net.java.dev.jna\jna\5.6.0\330f2244e9030119ab3030fc3fededc86713d9cc\jna-5.6.0.jar;C:\Users\Admin\.gradle\caches\modules-2\files-2.1\org.jetbrains.kotlin\kotlin-stdlib-common\1.7.10\bac80c520d0a9e3f3673bc2658c6ed02ef45a76a\kotlin-stdlib-common-1.7.10.jar;C:\Users\Admin\.gradle\caches\modules-2\files-2.1\org.jetbrains\annotations\13.0\919f0dfe192fb4e063e7dacadee7f8bb9a2672a9\annotations-13.0.jar
Launcher Type: SUN_STANDARD

[Global flags]
     intx CICompilerCount                          = 3                                         {product} {ergonomic}
     uint ConcGCThreads                            = 1                                         {product} {ergonomic}
     uint G1ConcRefinementThreads                  = 4                                         {product} {ergonomic}
   size_t G1HeapRegionSize                         = 1048576                                   {product} {ergonomic}
    uintx GCDrainStackTargetSize                   = 64                                        {product} {ergonomic}
   size_t InitialHeapSize                          = 92274688                                  {product} {ergonomic}
   size_t MarkStackSize                            = 4194304                                   {product} {ergonomic}
   size_t MaxHeapSize                              = 1474297856                                {product} {ergonomic}
   size_t MaxNewSize                               = 883949568                                 {product} {ergonomic}
   size_t MinHeapDeltaBytes                        = 1048576                                   {product} {ergonomic}
    uintx NonNMethodCodeHeapSize                   = 5830732                                {pd product} {ergonomic}
    uintx NonProfiledCodeHeapSize                  = 122913754                              {pd product} {ergonomic}
    uintx ProfiledCodeHeapSize                     = 122913754                              {pd product} {ergonomic}
    uintx ReservedCodeCacheSize                    = 251658240                              {pd product} {ergonomic}
     bool SegmentedCodeCache                       = true                                      {product} {ergonomic}
     bool UseCompressedClassPointers               = true                                 {lp64_product} {ergonomic}
     bool UseCompressedOops                        = true                                 {lp64_product} {ergonomic}
     bool UseG1GC                                  = true                                      {product} {ergonomic}
     bool UseLargePagesIndividualAllocation        = false                                  {pd product} {ergonomic}

Logging:
Log output configuration:
 #0: stdout all=warning uptime,level,tags
 #1: stderr all=off uptime,level,tags

Environment Variables:
PATH=C:\ProgramData\Oracle\Java\javapath;C:\Program Files (x86)\Common Files\Intel\Shared Libraries\redist\intel64\compiler;C:\Program Files\Python38\Scripts\;C:\Program Files\Python38\;C:\Program Files\Common Files\Oracle\Java\javapath;C:\Program Files (x86)\Common Files\Oracle\Java\javapath;C:\Windows\system32;C:\Windows;C:\Windows\System32\Wbem;C:\Windows\System32\WindowsPowerShell\v1.0\;C:\Program Files\dotnet\;C:\Program Files\Git\cmd;C:\Users\Admin\.dotnet\tools;C:\Users\Admin\AppData\Local\Programs\Microsoft VS Code\bin
USERNAME=Admin
OS=Windows_NT
PROCESSOR_IDENTIFIER=Intel64 Family 6 Model 42 Stepping 7, GenuineIntel



---------------  S Y S T E M  ---------------

OS: Windows 7 , 64 bit Build 7601 (6.1.7601.24214)
OS uptime: 0 days 6:30 hours

CPU:total 4 (initial active 4) (4 cores per cpu, 1 threads per core) family 6 model 42 stepping 7 microcode 0x0, cmov, cx8, fxsr, mmx, sse, sse2, sse3, ssse3, sse4.1, sse4.2, popcnt, avx, aes, clmul, tsc, tscinvbit

Memory: 4k page, system-wide physical 5621M (36M free)
TotalPageFile size 14643M (AvailPageFile size 18M)
current process WorkingSet (physical memory assigned to process): 147M, peak: 147M
current process commit charge ("private bytes"): 209M, peak: 210M

vm_info: OpenJDK 64-Bit Server VM (11.0.12+7-b1504.28-7817840) for windows-amd64 JRE (11.0.12+7-b1504.28-7817840), built on Oct 13 2021 22:12:33 by "builder" with MS VC++ 14.0 (VS2015)

END.
